
This script created on [11:47 AM  31, Oktober 2021 SUNDAY]


~~~~~~~~~~~~~~~~~~~~~~~~~~~~~~~~~~~~~~~~~~~~~~~~~~~~~~~~~~~~~~~~~~~~~~~~~~~~~~~~~~~~
`11:47 AM 31/Okt/2021 [0.2.3.2]
Creating script, and add script to skip ads by shortcut (Ctrl + Shift + ` )
======================================

======================================
`10:47 PM 05/Nov/2021 [Version 1.5.3]
> Add script to Change YouTube Theme based on Time!
> Change Script(+log file) Name from "Skip Ads Shortcut" to "YT Optional Function".
> Edit Metablock
    ~ Description to describe the new Name of the scripts
    ~ SupportURL to direct to log file(THIS FILE!)
    ~ Change from @include to @match || <-- kayaknya waktu itu ngantuk:v
> Organize scripts for better visual.
======================================

======================================
`11:21 AM 06/Nov/2021 [Version 1.5.4]
> Add script to make theme change on desired time, not limited like previous one
> Add simple toggle text to disable a script function too!
_-----------------------pREVIOUS Script-------------------____________________
  setInterval(function() {
    // your code goes here...
    var THE_TAIM = new Date().getHours()
    
      if (THE_TAIM == 18) {
       document.getElementsByClassName("yt-simple-endpoint style-scope ytd-compact-link-renderer")[15].click(); //<-- Dark Theme!
      }
      if (THE_TAIM == 7) {
       document.getElementsByClassName("yt-simple-endpoint style-scope ytd-compact-link-renderer")[16].click(); //<-- Light Theme!
      }
}, 120 * 60000); // 60 * 1000 milsec || N * 60000 for minutes
======================================

======================================
Add more log here!
======================================
